# JRE version: OpenJDK Runtime Environment (8.0_31-b13) (build 1.8.0_31-b13)
# Java VM: OpenJDK 64-Bit Server VM (25.31-b07 mixed mode linux-amd64 compressed oops)
Heap:
 PSYoungGen      total 155136K, used 96K [0x000000076c800000, 0x0000000776100000, 0x00000007c0000000)
  eden space 153600K, 0% used [0x000000076c800000,0x000000076c800000,0x0000000775e00000)
  from space 1536K, 6% used [0x0000000775e00000,0x0000000775e18000,0x0000000775f80000)
  to   space 1024K, 0% used [0x0000000776000000,0x0000000776000000,0x0000000776100000)
 ParOldGen       total 72192K, used 7240K [0x00000006c5800000, 0x00000006c9e80000, 0x000000076c800000)
  object space 72192K, 10% used [0x00000006c5800000,0x00000006c5f122d0,0x00000006c9e80000)
 Metaspace       used 24986K, capacity 25250K, committed 25600K, reserved 1071104K
  class space    used 3185K, capacity 3236K, committed 3328K, reserved 1048576K
GC Heap History (10 events):
Event: 2492.904 GC heap after
Heap after GC invocations=45 (full 11):
 PSYoungGen      total 93184K, used 128K [0x000000076c800000, 0x0000000772700000, 0x00000007c0000000)
  eden space 91136K, 0% used [0x000000076c800000,0x000000076c800000,0x0000000772100000)
  from space 2048K, 6% used [0x0000000772300000,0x0000000772320000,0x0000000772500000)
  to   space 2048K, 0% used [0x0000000772100000,0x0000000772100000,0x0000000772300000)
 ParOldGen       total 72192K, used 7208K [0x00000006c5800000, 0x00000006c9e80000, 0x000000076c800000)
  object space 72192K, 9% used [0x00000006c5800000,0x00000006c5f0a2d0,0x00000006c9e80000)
 Metaspace       used 24986K, capacity 25250K, committed 25600K, reserved 1071104K
  class space    used 3185K, capacity 3236K, committed 3328K, reserved 1048576K
}
Event: 2493.161 GC heap before
{Heap before GC invocations=46 (full 11):
 PSYoungGen      total 93184K, used 91264K [0x000000076c800000, 0x0000000772700000, 0x00000007c0000000)
  eden space 91136K, 100% used [0x000000076c800000,0x0000000772100000,0x0000000772100000)
  from space 2048K, 6% used [0x0000000772300000,0x0000000772320000,0x0000000772500000)
  to   space 2048K, 0% used [0x0000000772100000,0x0000000772100000,0x0000000772300000)
 ParOldGen       total 72192K, used 7208K [0x00000006c5800000, 0x00000006c9e80000, 0x000000076c800000)
  object space 72192K, 9% used [0x00000006c5800000,0x00000006c5f0a2d0,0x00000006c9e80000)
 Metaspace       used 24986K, capacity 25250K, committed 25600K, reserved 1071104K
  class space    used 3185K, capacity 3236K, committed 3328K, reserved 1048576K
Event: 2493.163 GC heap after
Heap after GC invocations=46 (full 11):
 PSYoungGen      total 93184K, used 32K [0x000000076c800000, 0x0000000773f80000, 0x00000007c0000000)
  eden space 91136K, 0% used [0x000000076c800000,0x000000076c800000,0x0000000772100000)
  from space 2048K, 1% used [0x0000000772100000,0x0000000772108000,0x0000000772300000)
  to   space 2048K, 0% used [0x0000000773d80000,0x0000000773d80000,0x0000000773f80000)
 ParOldGen       total 72192K, used 7216K [0x00000006c5800000, 0x00000006c9e80000, 0x000000076c800000)
  object space 72192K, 9% used [0x00000006c5800000,0x00000006c5f0c2d0,0x00000006c9e80000)
 Metaspace       used 24986K, capacity 25250K, committed 25600K, reserved 1071104K
  class space    used 3185K, capacity 3236K, committed 3328K, reserved 1048576K
}
Event: 2493.285 GC heap before
{Heap before GC invocations=47 (full 11):
 PSYoungGen      total 93184K, used 91168K [0x000000076c800000, 0x0000000773f80000, 0x00000007c0000000)
  eden space 91136K, 100% used [0x000000076c800000,0x0000000772100000,0x0000000772100000)
  from space 2048K, 1% used [0x0000000772100000,0x0000000772108000,0x0000000772300000)
  to   space 2048K, 0% used [0x0000000773d80000,0x0000000773d80000,0x0000000773f80000)
 ParOldGen       total 72192K, used 7216K [0x00000006c5800000, 0x00000006c9e80000, 0x000000076c800000)
  object space 72192K, 9% used [0x00000006c5800000,0x00000006c5f0c2d0,0x00000006c9e80000)
 Metaspace       used 24986K, capacity 25250K, committed 25600K, reserved 1071104K
  class space    used 3185K, capacity 3236K, committed 3328K, reserved 1048576K
Event: 2493.293 GC heap after
Heap after GC invocations=47 (full 11):
 PSYoungGen      total 120320K, used 32K [0x000000076c800000, 0x0000000773f80000, 0x00000007c0000000)
  eden space 118272K, 0% used [0x000000076c800000,0x000000076c800000,0x0000000773b80000)
  from space 2048K, 1% used [0x0000000773d80000,0x0000000773d88000,0x0000000773f80000)
  to   space 2048K, 0% used [0x0000000773b80000,0x0000000773b80000,0x0000000773d80000)
 ParOldGen       total 72192K, used 7216K [0x00000006c5800000, 0x00000006c9e80000, 0x000000076c800000)
  object space 72192K, 9% used [0x00000006c5800000,0x00000006c5f0c2d0,0x00000006c9e80000)
 Metaspace       used 24986K, capacity 25250K, committed 25600K, reserved 1071104K
  class space    used 3185K, capacity 3236K, committed 3328K, reserved 1048576K
}
Event: 2493.544 GC heap before
{Heap before GC invocations=48 (full 11):
 PSYoungGen      total 120320K, used 118304K [0x000000076c800000, 0x0000000773f80000, 0x00000007c0000000)
  eden space 118272K, 100% used [0x000000076c800000,0x0000000773b80000,0x0000000773b80000)
  from space 2048K, 1% used [0x0000000773d80000,0x0000000773d88000,0x0000000773f80000)
  to   space 2048K, 0% used [0x0000000773b80000,0x0000000773b80000,0x0000000773d80000)
 ParOldGen       total 72192K, used 7216K [0x00000006c5800000, 0x00000006c9e80000, 0x000000076c800000)
  object space 72192K, 9% used [0x00000006c5800000,0x00000006c5f0c2d0,0x00000006c9e80000)
 Metaspace       used 24986K, capacity 25250K, committed 25600K, reserved 1071104K
  class space    used 3185K, capacity 3236K, committed 3328K, reserved 1048576K
Event: 2493.545 GC heap after
Heap after GC invocations=48 (full 11):
 PSYoungGen      total 120320K, used 32K [0x000000076c800000, 0x0000000776200000, 0x00000007c0000000)
  eden space 118272K, 0% used [0x000000076c800000,0x000000076c800000,0x0000000773b80000)
  from space 2048K, 1% used [0x0000000773b80000,0x0000000773b88000,0x0000000773d80000)
  to   space 2048K, 0% used [0x0000000776000000,0x0000000776000000,0x0000000776200000)
 ParOldGen       total 72192K, used 7224K [0x00000006c5800000, 0x00000006c9e80000, 0x000000076c800000)
  object space 72192K, 10% used [0x00000006c5800000,0x00000006c5f0e2d0,0x00000006c9e80000)
 Metaspace       used 24986K, capacity 25250K, committed 25600K, reserved 1071104K
  class space    used 3185K, capacity 3236K, committed 3328K, reserved 1048576K
}
Event: 2493.755 GC heap before
{Heap before GC invocations=49 (full 11):
 PSYoungGen      total 120320K, used 118304K [0x000000076c800000, 0x0000000776200000, 0x00000007c0000000)
  eden space 118272K, 100% used [0x000000076c800000,0x0000000773b80000,0x0000000773b80000)
  from space 2048K, 1% used [0x0000000773b80000,0x0000000773b88000,0x0000000773d80000)
  to   space 2048K, 0% used [0x0000000776000000,0x0000000776000000,0x0000000776200000)
 ParOldGen       total 72192K, used 7224K [0x00000006c5800000, 0x00000006c9e80000, 0x000000076c800000)
  object space 72192K, 10% used [0x00000006c5800000,0x00000006c5f0e2d0,0x00000006c9e80000)
 Metaspace       used 24986K, capacity 25250K, committed 25600K, reserved 1071104K
  class space    used 3185K, capacity 3236K, committed 3328K, reserved 1048576K
Event: 2493.797 GC heap after
Heap after GC invocations=49 (full 11):
 PSYoungGen      total 154624K, used 128K [0x000000076c800000, 0x0000000776100000, 0x00000007c0000000)
  eden space 153600K, 0% used [0x000000076c800000,0x000000076c800000,0x0000000775e00000)
  from space 1024K, 12% used [0x0000000776000000,0x0000000776020000,0x0000000776100000)
  to   space 1536K, 0% used [0x0000000775e00000,0x0000000775e00000,0x0000000775f80000)
 ParOldGen       total 72192K, used 7232K [0x00000006c5800000, 0x00000006c9e80000, 0x000000076c800000)
  object space 72192K, 10% used [0x00000006c5800000,0x00000006c5f102d0,0x00000006c9e80000)
 Metaspace       used 24986K, capacity 25250K, committed 25600K, reserved 1071104K
  class space    used 3185K, capacity 3236K, committed 3328K, reserved 1048576K
}
Event: 2494.455 GC heap before
{Heap before GC invocations=50 (full 11):
 PSYoungGen      total 154624K, used 153728K [0x000000076c800000, 0x0000000776100000, 0x00000007c0000000)
  eden space 153600K, 100% used [0x000000076c800000,0x0000000775e00000,0x0000000775e00000)
  from space 1024K, 12% used [0x0000000776000000,0x0000000776020000,0x0000000776100000)
  to   space 1536K, 0% used [0x0000000775e00000,0x0000000775e00000,0x0000000775f80000)
 ParOldGen       total 72192K, used 7232K [0x00000006c5800000, 0x00000006c9e80000, 0x000000076c800000)
  object space 72192K, 10% used [0x00000006c5800000,0x00000006c5f102d0,0x00000006c9e80000)
 Metaspace       used 24986K, capacity 25250K, committed 25600K, reserved 1071104K
  class space    used 3185K, capacity 3236K, committed 3328K, reserved 1048576K

